<?xml version="1.0" encoding="UTF-8"?>
<testng-results skipped="0" failed="0" ignored="0" total="1" passed="1">
  <reporter-output>
  </reporter-output>
  <suite name="Default suite" duration-ms="8310" started-at="2023-03-03T03:35:45Z" finished-at="2023-03-03T03:35:53Z">
    <groups>
    </groups>
    <test name="Default test" duration-ms="8310" started-at="2023-03-03T03:35:45Z" finished-at="2023-03-03T03:35:53Z">
      <class name="com.base.Interview">
        <test-method status="PASS" signature="getPoint()[pri:0, instance:com.base.Interview@4e1d422d]" name="getPoint" duration-ms="8215" started-at="2023-03-03T03:35:45Z" finished-at="2023-03-03T03:35:53Z">
          <reporter-output>
          </reporter-output>
        </test-method> <!-- getPoint -->
      </class> <!-- com.base.Interview -->
    </test> <!-- Default test -->
  </suite> <!-- Default suite -->
</testng-results>
